EarthExpGame/Temp/gradleOut/launcher/build/intermediates/manifest_merge_blame_file/release/manifest-merger-blame-release-report.txt
1<?xml version="1.0" encoding="utf-8"?>
2<!-- GENERATED BY UNITY. REMOVE THIS COMMENT TO PREVENT OVERWRITING WHEN EXPORTING AGAIN -->
3<manifest xmlns:android="http://schemas.android.com/apk/res/android"
4    package="com.EcoElixirs.TheXp"
5    android:installLocation="preferExternal"
6    android:versionCode="1"
7    android:versionName="0.1" >
8
9    <uses-sdk
10        android:minSdkVersion="19"
10-->src/main/AndroidManifest.xml
11        android:targetSdkVersion="29" />
11-->src/main/AndroidManifest.xml
12
13    <supports-screens
13-->src/main/AndroidManifest.xml:4:3-163
14        android:anyDensity="true"
14-->src/main/AndroidManifest.xml:4:135-160
15        android:largeScreens="true"
15-->src/main/AndroidManifest.xml:4:78-105
16        android:normalScreens="true"
16-->src/main/AndroidManifest.xml:4:49-77
17        android:smallScreens="true"
17-->src/main/AndroidManifest.xml:4:21-48
18        android:xlargeScreens="true" />
18-->src/main/AndroidManifest.xml:4:106-134
19
20    <uses-feature android:glEsVersion="0x00030000" />
20-->[:unityLibrary] AndroidManifest.xml:13:5-54
20-->[:unityLibrary] AndroidManifest.xml:13:19-51
21    <uses-feature
21-->[:unityLibrary] AndroidManifest.xml:14:5-16:36
22        android:name="android.hardware.vulkan.version"
22-->[:unityLibrary] AndroidManifest.xml:15:9-55
23        android:required="false" />
23-->[:unityLibrary] AndroidManifest.xml:16:9-33
24
25    <uses-permission android:name="android.permission.INTERNET" />
25-->[:unityLibrary] AndroidManifest.xml:18:5-67
25-->[:unityLibrary] AndroidManifest.xml:18:22-64
26
27    <uses-feature
27-->[:unityLibrary] AndroidManifest.xml:20:5-22:36
28        android:name="android.hardware.touchscreen"
28-->[:unityLibrary] AndroidManifest.xml:21:9-52
29        android:required="false" />
29-->[:unityLibrary] AndroidManifest.xml:22:9-33
30    <uses-feature
30-->[:unityLibrary] AndroidManifest.xml:23:5-25:36
31        android:name="android.hardware.touchscreen.multitouch"
31-->[:unityLibrary] AndroidManifest.xml:24:9-63
32        android:required="false" />
32-->[:unityLibrary] AndroidManifest.xml:25:9-33
33    <uses-feature
33-->[:unityLibrary] AndroidManifest.xml:26:5-28:36
34        android:name="android.hardware.touchscreen.multitouch.distinct"
34-->[:unityLibrary] AndroidManifest.xml:27:9-72
35        android:required="false" />
35-->[:unityLibrary] AndroidManifest.xml:28:9-33
36
37    <uses-permission android:name="android.permission.ACCESS_NETWORK_STATE" />
37-->[:UnityAds:] AndroidManifest.xml:9:5-79
37-->[:UnityAds:] AndroidManifest.xml:9:22-76
38    <uses-permission android:name="com.google.android.gms.permission.AD_ID" />
38-->[:UnityAds:] AndroidManifest.xml:11:5-79
38-->[:UnityAds:] AndroidManifest.xml:11:22-76
39    <uses-permission android:name="com.android.vending.BILLING" />
39-->[:billing-3.0.1:] AndroidManifest.xml:10:5-67
39-->[:billing-3.0.1:] AndroidManifest.xml:10:22-64
40
41    <application
41-->src/main/AndroidManifest.xml:5:3-116
42        android:extractNativeLibs="true"
42-->src/main/AndroidManifest.xml:5:16-48
43        android:icon="@mipmap/app_icon"
43-->src/main/AndroidManifest.xml:5:82-113
44        android:label="@string/app_name" >
44-->src/main/AndroidManifest.xml:5:49-81
45        <activity
45-->[:unityLibrary] AndroidManifest.xml:31:9-50:20
46            android:name="com.unity3d.player.UnityPlayerActivity"
46-->[:unityLibrary] AndroidManifest.xml:32:13-66
47            android:configChanges="mcc|mnc|locale|touchscreen|keyboard|keyboardHidden|navigation|orientation|screenLayout|uiMode|screenSize|smallestScreenSize|fontScale|layoutDirection|density"
47-->[:unityLibrary] AndroidManifest.xml:33:13-194
48            android:hardwareAccelerated="false"
48-->[:unityLibrary] AndroidManifest.xml:34:13-48
49            android:launchMode="singleTask"
49-->[:unityLibrary] AndroidManifest.xml:35:13-44
50            android:screenOrientation="sensorLandscape"
50-->[:unityLibrary] AndroidManifest.xml:36:13-56
51            android:theme="@style/UnityThemeSelector" >
51-->[:unityLibrary] AndroidManifest.xml:37:13-54
52            <intent-filter>
52-->[:unityLibrary] AndroidManifest.xml:38:13-42:29
53                <action android:name="android.intent.action.MAIN" />
53-->[:unityLibrary] AndroidManifest.xml:39:17-69
53-->[:unityLibrary] AndroidManifest.xml:39:25-66
54
55                <category android:name="android.intent.category.LAUNCHER" />
55-->[:unityLibrary] AndroidManifest.xml:41:17-77
55-->[:unityLibrary] AndroidManifest.xml:41:27-74
56            </intent-filter>
57
58            <meta-data
58-->[:unityLibrary] AndroidManifest.xml:44:13-46:40
59                android:name="unityplayer.UnityActivity"
59-->[:unityLibrary] AndroidManifest.xml:45:17-57
60                android:value="true" />
60-->[:unityLibrary] AndroidManifest.xml:46:17-37
61            <meta-data
61-->[:unityLibrary] AndroidManifest.xml:47:13-49:40
62                android:name="android.notch_support"
62-->[:unityLibrary] AndroidManifest.xml:48:17-53
63                android:value="true" />
63-->[:unityLibrary] AndroidManifest.xml:49:17-37
64        </activity>
65
66        <meta-data
66-->[:unityLibrary] AndroidManifest.xml:52:9-54:33
67            android:name="unity.splash-mode"
67-->[:unityLibrary] AndroidManifest.xml:53:13-45
68            android:value="0" />
68-->[:unityLibrary] AndroidManifest.xml:54:13-30
69        <meta-data
69-->[:unityLibrary] AndroidManifest.xml:55:9-57:36
70            android:name="unity.splash-enable"
70-->[:unityLibrary] AndroidManifest.xml:56:13-47
71            android:value="True" />
71-->[:unityLibrary] AndroidManifest.xml:57:13-33
72        <meta-data
72-->[:unityLibrary] AndroidManifest.xml:58:9-60:50
73            android:name="notch.config"
73-->[:unityLibrary] AndroidManifest.xml:59:13-40
74            android:value="portrait|landscape" />
74-->[:unityLibrary] AndroidManifest.xml:60:13-47
75        <meta-data
75-->[:unityLibrary] AndroidManifest.xml:61:9-63:68
76            android:name="unity.build-id"
76-->[:unityLibrary] AndroidManifest.xml:62:13-42
77            android:value="c4ab598e-2415-42a6-ae6f-3b459e37bdb3" />
77-->[:unityLibrary] AndroidManifest.xml:63:13-65
78
79        <activity
79-->[:UnityAds:] AndroidManifest.xml:14:9-18:74
80            android:name="com.unity3d.services.ads.adunit.AdUnitActivity"
80-->[:UnityAds:] AndroidManifest.xml:15:13-74
81            android:configChanges="fontScale|keyboard|keyboardHidden|locale|mnc|mcc|navigation|orientation|screenLayout|screenSize|smallestScreenSize|uiMode|touchscreen"
81-->[:UnityAds:] AndroidManifest.xml:16:13-170
82            android:hardwareAccelerated="true"
82-->[:UnityAds:] AndroidManifest.xml:17:13-47
83            android:theme="@android:style/Theme.NoTitleBar.Fullscreen" />
83-->[:UnityAds:] AndroidManifest.xml:18:13-71
84        <activity
84-->[:UnityAds:] AndroidManifest.xml:19:9-23:86
85            android:name="com.unity3d.services.ads.adunit.AdUnitTransparentActivity"
85-->[:UnityAds:] AndroidManifest.xml:20:13-85
86            android:configChanges="fontScale|keyboard|keyboardHidden|locale|mnc|mcc|navigation|orientation|screenLayout|screenSize|smallestScreenSize|uiMode|touchscreen"
86-->[:UnityAds:] AndroidManifest.xml:21:13-170
87            android:hardwareAccelerated="true"
87-->[:UnityAds:] AndroidManifest.xml:22:13-47
88            android:theme="@android:style/Theme.Translucent.NoTitleBar.Fullscreen" />
88-->[:UnityAds:] AndroidManifest.xml:23:13-83
89        <activity
89-->[:UnityAds:] AndroidManifest.xml:24:9-28:86
90            android:name="com.unity3d.services.ads.adunit.AdUnitTransparentSoftwareActivity"
90-->[:UnityAds:] AndroidManifest.xml:25:13-93
91            android:configChanges="fontScale|keyboard|keyboardHidden|locale|mnc|mcc|navigation|orientation|screenLayout|screenSize|smallestScreenSize|uiMode|touchscreen"
91-->[:UnityAds:] AndroidManifest.xml:26:13-170
92            android:hardwareAccelerated="false"
92-->[:UnityAds:] AndroidManifest.xml:27:13-48
93            android:theme="@android:style/Theme.Translucent.NoTitleBar.Fullscreen" />
93-->[:UnityAds:] AndroidManifest.xml:28:13-83
94        <activity
94-->[:UnityAds:] AndroidManifest.xml:29:9-33:74
95            android:name="com.unity3d.services.ads.adunit.AdUnitSoftwareActivity"
95-->[:UnityAds:] AndroidManifest.xml:30:13-82
96            android:configChanges="fontScale|keyboard|keyboardHidden|locale|mnc|mcc|navigation|orientation|screenLayout|screenSize|smallestScreenSize|uiMode|touchscreen"
96-->[:UnityAds:] AndroidManifest.xml:31:13-170
97            android:hardwareAccelerated="false"
97-->[:UnityAds:] AndroidManifest.xml:32:13-48
98            android:theme="@android:style/Theme.NoTitleBar.Fullscreen" />
98-->[:UnityAds:] AndroidManifest.xml:33:13-71
99
100        <meta-data
100-->[:billing-3.0.1:] AndroidManifest.xml:13:9-15:37
101            android:name="com.google.android.play.billingclient.version"
101-->[:billing-3.0.1:] AndroidManifest.xml:14:13-73
102            android:value="3.0.1" />
102-->[:billing-3.0.1:] AndroidManifest.xml:15:13-34
103
104        <activity
104-->[:billing-3.0.1:] AndroidManifest.xml:17:9-21:75
105            android:name="com.android.billingclient.api.ProxyBillingActivity"
105-->[:billing-3.0.1:] AndroidManifest.xml:18:13-78
106            android:configChanges="keyboard|keyboardHidden|screenLayout|screenSize|orientation"
106-->[:billing-3.0.1:] AndroidManifest.xml:19:13-96
107            android:exported="false"
107-->[:billing-3.0.1:] AndroidManifest.xml:20:13-37
108            android:theme="@android:style/Theme.Translucent.NoTitleBar" />
108-->[:billing-3.0.1:] AndroidManifest.xml:21:13-72
109    </application>
110
111</manifest>